<?xml version="1.0" encoding="UTF-8"?>
<testsuite name="com.koreait.projectboard.ProjectBoardApplicationTests" tests="1" skipped="0" failures="0" errors="0" timestamp="2022-12-28T02:03:23" hostname="C02" time="0.207">
  <properties/>
  <testcase name="contextLoads()" classname="com.koreait.projectboard.ProjectBoardApplicationTests" time="0.207"/>
  <system-out><![CDATA[11:03:19.082 [Test worker] DEBUG org.springframework.test.context.BootstrapUtils - Instantiating CacheAwareContextLoaderDelegate from class [org.springframework.test.context.cache.DefaultCacheAwareContextLoaderDelegate]
11:03:19.091 [Test worker] DEBUG org.springframework.test.context.BootstrapUtils - Instantiating BootstrapContext using constructor [public org.springframework.test.context.support.DefaultBootstrapContext(java.lang.Class,org.springframework.test.context.CacheAwareContextLoaderDelegate)]
11:03:19.115 [Test worker] DEBUG org.springframework.test.context.BootstrapUtils - Instantiating TestContextBootstrapper for test class [com.koreait.projectboard.ProjectBoardApplicationTests] from class [org.springframework.boot.test.context.SpringBootTestContextBootstrapper]
11:03:19.122 [Test worker] INFO org.springframework.boot.test.context.SpringBootTestContextBootstrapper - Neither @ContextConfiguration nor @ContextHierarchy found for test class [com.koreait.projectboard.ProjectBoardApplicationTests], using SpringBootContextLoader
11:03:19.124 [Test worker] DEBUG org.springframework.test.context.support.AbstractContextLoader - Did not detect default resource location for test class [com.koreait.projectboard.ProjectBoardApplicationTests]: class path resource [com/koreait/projectboard/ProjectBoardApplicationTests-context.xml] does not exist
11:03:19.125 [Test worker] DEBUG org.springframework.test.context.support.AbstractContextLoader - Did not detect default resource location for test class [com.koreait.projectboard.ProjectBoardApplicationTests]: class path resource [com/koreait/projectboard/ProjectBoardApplicationTestsContext.groovy] does not exist
11:03:19.125 [Test worker] INFO org.springframework.test.context.support.AbstractContextLoader - Could not detect default resource locations for test class [com.koreait.projectboard.ProjectBoardApplicationTests]: no resource found for suffixes {-context.xml, Context.groovy}.
11:03:19.125 [Test worker] INFO org.springframework.test.context.support.AnnotationConfigContextLoaderUtils - Could not detect default configuration classes for test class [com.koreait.projectboard.ProjectBoardApplicationTests]: ProjectBoardApplicationTests does not declare any static, non-private, non-final, nested classes annotated with @Configuration.
11:03:19.152 [Test worker] DEBUG org.springframework.test.context.support.ActiveProfilesUtils - Could not find an 'annotation declaring class' for annotation type [org.springframework.test.context.ActiveProfiles] and class [com.koreait.projectboard.ProjectBoardApplicationTests]
11:03:19.192 [Test worker] DEBUG org.springframework.context.annotation.ClassPathScanningCandidateComponentProvider - Identified candidate component class: file [C:\Sophie\spring_project\project-board\project-board\build\classes\java\main\com\koreait\projectboard\ProjectBoardApplication.class]
11:03:19.193 [Test worker] INFO org.springframework.boot.test.context.SpringBootTestContextBootstrapper - Found @SpringBootConfiguration com.koreait.projectboard.ProjectBoardApplication for test class com.koreait.projectboard.ProjectBoardApplicationTests
11:03:19.260 [Test worker] DEBUG org.springframework.boot.test.context.SpringBootTestContextBootstrapper - @TestExecutionListeners is not present for class [com.koreait.projectboard.ProjectBoardApplicationTests]: using defaults.
11:03:19.261 [Test worker] INFO org.springframework.boot.test.context.SpringBootTestContextBootstrapper - Loaded default TestExecutionListener class names from location [META-INF/spring.factories]: [org.springframework.boot.test.autoconfigure.restdocs.RestDocsTestExecutionListener, org.springframework.boot.test.autoconfigure.web.client.MockRestServiceServerResetTestExecutionListener, org.springframework.boot.test.autoconfigure.web.servlet.MockMvcPrintOnlyOnFailureTestExecutionListener, org.springframework.boot.test.autoconfigure.web.servlet.WebDriverTestExecutionListener, org.springframework.boot.test.autoconfigure.webservices.client.MockWebServiceServerTestExecutionListener, org.springframework.boot.test.mock.mockito.MockitoTestExecutionListener, org.springframework.boot.test.mock.mockito.ResetMocksTestExecutionListener, org.springframework.test.context.web.ServletTestExecutionListener, org.springframework.test.context.support.DirtiesContextBeforeModesTestExecutionListener, org.springframework.test.context.event.ApplicationEventsTestExecutionListener, org.springframework.test.context.support.DependencyInjectionTestExecutionListener, org.springframework.test.context.support.DirtiesContextTestExecutionListener, org.springframework.test.context.transaction.TransactionalTestExecutionListener, org.springframework.test.context.jdbc.SqlScriptsTestExecutionListener, org.springframework.test.context.event.EventPublishingTestExecutionListener]
11:03:19.273 [Test worker] INFO org.springframework.boot.test.context.SpringBootTestContextBootstrapper - Using TestExecutionListeners: [org.springframework.test.context.web.ServletTestExecutionListener@611df6e3, org.springframework.test.context.support.DirtiesContextBeforeModesTestExecutionListener@5f2f577, org.springframework.test.context.event.ApplicationEventsTestExecutionListener@6273c5a4, org.springframework.boot.test.mock.mockito.MockitoTestExecutionListener@5d465e4b, org.springframework.boot.test.autoconfigure.SpringBootDependencyInjectionTestExecutionListener@53e211ee, org.springframework.test.context.support.DirtiesContextTestExecutionListener@41a90fa8, org.springframework.test.context.transaction.TransactionalTestExecutionListener@3d8bbcdc, org.springframework.test.context.jdbc.SqlScriptsTestExecutionListener@52500920, org.springframework.test.context.event.EventPublishingTestExecutionListener@117e0fe5, org.springframework.boot.test.autoconfigure.restdocs.RestDocsTestExecutionListener@18a3962d, org.springframework.boot.test.autoconfigure.web.client.MockRestServiceServerResetTestExecutionListener@78aea4b9, org.springframework.boot.test.autoconfigure.web.servlet.MockMvcPrintOnlyOnFailureTestExecutionListener@2a65bb85, org.springframework.boot.test.autoconfigure.web.servlet.WebDriverTestExecutionListener@4b85880b, org.springframework.boot.test.autoconfigure.webservices.client.MockWebServiceServerTestExecutionListener@4f936da8, org.springframework.boot.test.mock.mockito.ResetMocksTestExecutionListener@4215838f]
11:03:19.276 [Test worker] DEBUG org.springframework.test.context.support.AbstractDirtiesContextTestExecutionListener - Before test class: context [DefaultTestContext@5e8f9e2d testClass = ProjectBoardApplicationTests, testInstance = [null], testMethod = [null], testException = [null], mergedContextConfiguration = [WebMergedContextConfiguration@51df223b testClass = ProjectBoardApplicationTests, locations = '{}', classes = '{class com.koreait.projectboard.ProjectBoardApplication}', contextInitializerClasses = '[]', activeProfiles = '{}', propertySourceLocations = '{}', propertySourceProperties = '{org.springframework.boot.test.context.SpringBootTestContextBootstrapper=true}', contextCustomizers = set[org.springframework.boot.test.autoconfigure.actuate.metrics.MetricsExportContextCustomizerFactory$DisableMetricExportContextCustomizer@46dffdc3, org.springframework.boot.test.autoconfigure.properties.PropertyMappingContextCustomizer@0, org.springframework.boot.test.autoconfigure.web.servlet.WebDriverContextCustomizerFactory$Customizer@512535ff, org.springframework.boot.test.context.filter.ExcludeFilterContextCustomizer@3f270e0a, org.springframework.boot.test.json.DuplicateJsonObjectContextCustomizerFactory$DuplicateJsonObjectContextCustomizer@5dcd8c7a, org.springframework.boot.test.mock.mockito.MockitoContextCustomizer@0, org.springframework.boot.test.web.client.TestRestTemplateContextCustomizer@43f82e78, org.springframework.boot.test.context.SpringBootTestArgs@1, org.springframework.boot.test.context.SpringBootTestWebEnvironment@7205765b], resourceBasePath = 'src/main/webapp', contextLoader = 'org.springframework.boot.test.context.SpringBootContextLoader', parent = [null]], attributes = map['org.springframework.test.context.web.ServletTestExecutionListener.activateListener' -> true]], class annotated with @DirtiesContext [false] with mode [null].

  .   ____          _            __ _ _
 /\\ / ___'_ __ _ _(_)_ __  __ _ \ \ \ \
( ( )\___ | '_ | '_| | '_ \/ _` | \ \ \ \
 \\/  ___)| |_)| | | | | || (_| |  ) ) ) )
  '  |____| .__|_| |_|_| |_\__, | / / / /
 =========|_|==============|___/=/_/_/_/
 :: Spring Boot ::                (v2.7.7)

2022-12-28 11:03:19.533  INFO 8892 --- [    Test worker] c.k.p.ProjectBoardApplicationTests       : Starting ProjectBoardApplicationTests using Java 17.0.5 on C02 with PID 8892 (started by ITGN in C:\Sophie\spring_project\project-board\project-board)
2022-12-28 11:03:19.533 DEBUG 8892 --- [    Test worker] c.k.p.ProjectBoardApplicationTests       : Running with Spring Boot v2.7.7, Spring v5.3.24
2022-12-28 11:03:19.534  INFO 8892 --- [    Test worker] c.k.p.ProjectBoardApplicationTests       : No active profile set, falling back to 1 default profile: "default"
2022-12-28 11:03:20.132  INFO 8892 --- [    Test worker] .s.d.r.c.RepositoryConfigurationDelegate : Bootstrapping Spring Data JPA repositories in DEFAULT mode.
2022-12-28 11:03:20.145  INFO 8892 --- [    Test worker] .s.d.r.c.RepositoryConfigurationDelegate : Finished Spring Data repository scanning in 6 ms. Found 0 JPA repository interfaces.
2022-12-28 11:03:20.552  INFO 8892 --- [    Test worker] o.hibernate.jpa.internal.util.LogHelper  : HHH000204: Processing PersistenceUnitInfo [name: default]
2022-12-28 11:03:20.593  INFO 8892 --- [    Test worker] org.hibernate.Version                    : HHH000412: Hibernate ORM core version 5.6.14.Final
2022-12-28 11:03:20.721  INFO 8892 --- [    Test worker] o.hibernate.annotations.common.Version   : HCANN000001: Hibernate Commons Annotations {5.1.2.Final}
2022-12-28 11:03:20.800  INFO 8892 --- [    Test worker] com.zaxxer.hikari.HikariDataSource       : HikariPool-1 - Starting...
2022-12-28 11:03:21.008  INFO 8892 --- [    Test worker] com.zaxxer.hikari.HikariDataSource       : HikariPool-1 - Start completed.
2022-12-28 11:03:21.032  INFO 8892 --- [    Test worker] org.hibernate.dialect.Dialect            : HHH000400: Using dialect: org.hibernate.dialect.MySQL8Dialect
Hibernate: 
    
    drop table if exists article
Hibernate: 
    
    create table article (
       id bigint not null auto_increment,
        content varchar(10000) not null,
        created_at datetime(6) not null,
        created_by varchar(100) not null,
        hashtag varchar(255),
        modified_at datetime(6) not null,
        modified_by varchar(100) not null,
        title varchar(255) not null,
        primary key (id)
    ) engine=InnoDB
Hibernate: create index IDX571gx7oqo5xpmgocegaidlcu9 on article (title)
Hibernate: create index IDXai44fu6vaa28ebpydglnv7t3e on article (hashtag)
Hibernate: create index IDXrmt77yibijtk4sarremr67saa on article (created_at)
Hibernate: create index IDXjl4utii2etiocimt799wvtuvv on article (created_by)
2022-12-28 11:03:21.543  INFO 8892 --- [    Test worker] o.h.e.t.j.p.i.JtaPlatformInitiator       : HHH000490: Using JtaPlatform implementation: [org.hibernate.engine.transaction.jta.platform.internal.NoJtaPlatform]
2022-12-28 11:03:21.549  INFO 8892 --- [    Test worker] j.LocalContainerEntityManagerFactoryBean : Initialized JPA EntityManagerFactory for persistence unit 'default'
2022-12-28 11:03:21.784  WARN 8892 --- [    Test worker] JpaBaseConfiguration$JpaWebConfiguration : spring.jpa.open-in-view is enabled by default. Therefore, database queries may be performed during view rendering. Explicitly configure spring.jpa.open-in-view to disable this warning
2022-12-28 11:03:22.228 DEBUG 8892 --- [    Test worker] s.w.s.m.m.a.RequestMappingHandlerAdapter : ControllerAdvice beans: 0 @ModelAttribute, 0 @InitBinder, 1 RequestBodyAdvice, 1 ResponseBodyAdvice
2022-12-28 11:03:22.267  INFO 8892 --- [    Test worker] o.s.b.a.h2.H2ConsoleAutoConfiguration    : H2 console available at '/h2-console'. Database available at 'jdbc:mysql://localhost:3306/aidev'
2022-12-28 11:03:22.355 DEBUG 8892 --- [    Test worker] s.w.s.m.m.a.RequestMappingHandlerMapping : 2 mappings in 'requestMappingHandlerMapping'
2022-12-28 11:03:22.407 DEBUG 8892 --- [    Test worker] o.s.w.s.handler.SimpleUrlHandlerMapping  : Patterns [/webjars/**, /**] in 'resourceHandlerMapping'
2022-12-28 11:03:22.425 DEBUG 8892 --- [    Test worker] .m.m.a.ExceptionHandlerExceptionResolver : ControllerAdvice beans: 0 @ExceptionHandler, 1 ResponseBodyAdvice
2022-12-28 11:03:23.011  INFO 8892 --- [    Test worker] o.s.b.a.e.web.EndpointLinksResolver      : Exposing 13 endpoint(s) beneath base path '/actuator'
2022-12-28 11:03:23.094  INFO 8892 --- [    Test worker] c.k.p.ProjectBoardApplicationTests       : Started ProjectBoardApplicationTests in 3.79 seconds (JVM running for 4.55)
]]></system-out>
  <system-err><![CDATA[]]></system-err>
</testsuite>
